2022/11/17 23:49:54 [INFO] Packer version: 1.8.4 [go1.18.5 windows amd64]
2022/11/17 23:49:54 [TRACE] discovering plugins in C:\users\michael\.bin
2022/11/17 23:49:54 [TRACE] discovering plugins in C:\Users\michael\AppData\Roaming\packer.d\plugins
2022/11/17 23:49:54 [TRACE] discovering plugins in .
2022/11/17 23:49:54 [INFO] PACKER_CONFIG env var not set; checking the default config file path
2022/11/17 23:49:54 [INFO] PACKER_CONFIG env var set; attempting to open config file: C:\Users\michael\AppData\Roaming\packer.config
2022/11/17 23:49:54 [WARN] Config file doesn't exist: C:\Users\michael\AppData\Roaming\packer.config
2022/11/17 23:49:54 [INFO] Setting cache directory: C:\Users\michael\terraform\proxmox\ubuntu-server-focal-docker\packer_cache
e: cannot determine if process is in background: Process background check error: not implemented yet
2022/11/17 23:49:54 [TRACE] Starting internal plugin packer-builder-proxmox
2022/11/17 23:49:54 Starting plugin: C:\users\michael\.bin\packer.exe []string{"C:\\users\\michael\\.bin\\packer.exe", "plugin", "packer-builder-proxmox"}
2022/11/17 23:49:54 Waiting for RPC address for: C:\users\michael\.bin\packer.exe
2022/11/17 23:49:54 packer.exe plugin: [INFO] Packer version: 1.8.4 [go1.18.5 windows amd64]
2022/11/17 23:49:54 packer.exe plugin: [INFO] PACKER_CONFIG env var not set; checking the default config file path
2022/11/17 23:49:54 packer.exe plugin: [INFO] PACKER_CONFIG env var set; attempting to open config file: C:\Users\michael\AppData\Roaming\packer.config
2022/11/17 23:49:54 packer.exe plugin: [WARN] Config file doesn't exist: C:\Users\michael\AppData\Roaming\packer.config
2022/11/17 23:49:54 packer.exe plugin: [INFO] Setting cache directory: C:\Users\michael\terraform\proxmox\ubuntu-server-focal-docker\packer_cache
2022/11/17 23:49:54 packer.exe plugin: args: []string{"packer-builder-proxmox"}
2022/11/17 23:49:54 packer.exe plugin: Plugin port range: [10000,25000]
2022/11/17 23:49:54 packer.exe plugin: Plugin address: tcp 127.0.0.1:10000
2022/11/17 23:49:54 packer.exe plugin: Waiting for connection...
2022/11/17 23:49:54 Received tcp RPC address for C:\users\michael\.bin\packer.exe: addr is 127.0.0.1:10000
2022/11/17 23:49:54 packer.exe plugin: Serving a plugin connection...
2022/11/17 23:49:54 packer.exe plugin: Number of sockets 0 is too small, using default: 1
2022/11/17 23:49:54 [TRACE] Starting internal plugin packer-provisioner-shell
2022/11/17 23:49:54 Starting plugin: C:\users\michael\.bin\packer.exe []string{"C:\\users\\michael\\.bin\\packer.exe", "plugin", "packer-provisioner-shell"}
2022/11/17 23:49:54 Waiting for RPC address for: C:\users\michael\.bin\packer.exe
2022/11/17 23:49:54 packer.exe plugin: [INFO] Packer version: 1.8.4 [go1.18.5 windows amd64]
2022/11/17 23:49:54 packer.exe plugin: [INFO] PACKER_CONFIG env var not set; checking the default config file path
2022/11/17 23:49:54 packer.exe plugin: [INFO] PACKER_CONFIG env var set; attempting to open config file: C:\Users\michael\AppData\Roaming\packer.config
2022/11/17 23:49:54 packer.exe plugin: [WARN] Config file doesn't exist: C:\Users\michael\AppData\Roaming\packer.config
2022/11/17 23:49:54 packer.exe plugin: [INFO] Setting cache directory: C:\Users\michael\terraform\proxmox\ubuntu-server-focal-docker\packer_cache
2022/11/17 23:49:54 packer.exe plugin: args: []string{"packer-provisioner-shell"}
2022/11/17 23:49:54 packer.exe plugin: Plugin port range: [10000,25000]
2022/11/17 23:49:54 packer.exe plugin: Plugin address: tcp 127.0.0.1:10000
2022/11/17 23:49:54 Received tcp RPC address for C:\users\michael\.bin\packer.exe: addr is 127.0.0.1:10000
2022/11/17 23:49:54 packer.exe plugin: Waiting for connection...
2022/11/17 23:49:54 packer.exe plugin: Serving a plugin connection...
2022/11/17 23:49:54 ui: ubuntu-server-build.proxmox.ubuntu-server: output will be in this color.
2022/11/17 23:49:54 ui: 
2022/11/17 23:49:54 Build debug mode: false
2022/11/17 23:49:54 Force build: false
2022/11/17 23:49:54 On error: 
2022/11/17 23:49:54 Waiting on builds to complete...
2022/11/17 23:49:54 Starting build run: ubuntu-server-build.proxmox.ubuntu-server
2022/11/17 23:49:54 Running builder: 
2022/11/17 23:49:54 [INFO] (telemetry) Starting builder proxmox.ubuntu-server
2022/11/17 23:49:54 packer.exe plugin: using token auth
2022/11/17 23:49:54 packer.exe plugin: No URLs were provided to Step Download. Continuing...
2022/11/17 23:49:54 ui: ==> ubuntu-server-build.proxmox.ubuntu-server: Creating VM
2022/11/17 23:49:54 packer.exe plugin: panic: runtime error: invalid memory address or nil pointer dereference
2022/11/17 23:49:54 packer.exe plugin: [signal 0xc0000005 code=0x0 addr=0x40 pc=0x37866b7]
2022/11/17 23:49:54 packer.exe plugin: 
2022/11/17 23:49:54 packer.exe plugin: goroutine 40 [running]:
2022/11/17 23:49:54 packer.exe plugin: github.com/Telmate/proxmox-api-go/proxmox.(*Client).CreateQemuVm(0xc000041950, {0xc000454dd8, 0x3}, 0x5a099d9?)
2022/11/17 23:49:54 packer.exe plugin: 	/home/runner/go/pkg/mod/github.com/!telmate/proxmox-api-go@v0.0.0-20220107223401-b9c909d83a3b/proxmox/client.go:544 +0x297
2022/11/17 23:49:54 packer.exe plugin: github.com/Telmate/proxmox-api-go/proxmox.ConfigQemu.CreateVm({0x0, {0xc000454f80, 0xd}, {0x5a099d9, 0x19}, {0x0, 0x0}, {0x0, 0x0}, {0x0, ...}, ...}, ...)
2022/11/17 23:49:54 packer.exe plugin: 	/home/runner/go/pkg/mod/github.com/!telmate/proxmox-api-go@v0.0.0-20220107223401-b9c909d83a3b/proxmox/config_qemu.go:195 +0xfaf
2022/11/17 23:49:54 packer.exe plugin: github.com/hashicorp/packer-plugin-proxmox/builder/proxmox/iso.(*isoVMCreator).Create(_, _, {0x0, {0xc000454f80, 0xd}, {0x5a099d9, 0x19}, {0x0, 0x0}, {0x0, ...}, ...}, ...)
2022/11/17 23:49:54 packer.exe plugin: 	/home/runner/go/pkg/mod/github.com/hashicorp/packer-plugin-proxmox@v1.0.8/builder/proxmox/iso/builder.go:64 +0xe7
2022/11/17 23:49:54 packer.exe plugin: github.com/hashicorp/packer-plugin-proxmox/builder/proxmox/common.(*stepStartVM).Run(0xc001280990, {0x59bb3a4?, 0xc0012b8780?}, {0x618f230, 0xc0012b14d0})
2022/11/17 23:49:54 packer.exe plugin: 	/home/runner/go/pkg/mod/github.com/hashicorp/packer-plugin-proxmox@v1.0.8/builder/proxmox/common/step_start_vm.go:93 +0x62c
2022/11/17 23:49:54 packer.exe plugin: github.com/hashicorp/packer-plugin-sdk/multistep.(*BasicRunner).Run(0xc0012b1590, {0x618e468, 0xc0012b8780}, {0x618f230, 0xc0012b14d0})
2022/11/17 23:49:54 packer.exe plugin: 	/home/runner/go/pkg/mod/github.com/hashicorp/packer-plugin-sdk@v0.3.2/multistep/basic_runner.go:70 +0x2f3
2022/11/17 23:49:54 packer.exe plugin: github.com/hashicorp/packer-plugin-proxmox/builder/proxmox/common.(*Builder).Run(0xc00126c700, {0x618e468, 0xc0012b8780}, {0x6193188?, 0xc0012b14a0}, {0x6153040?, 0xc000032fc0}, {0x618f230?, 0xc0012b14d0?})
2022/11/17 23:49:54 packer.exe plugin: 	/home/runner/go/pkg/mod/github.com/hashicorp/packer-plugin-proxmox@v1.0.8/builder/proxmox/common/builder.go:99 +0xdc3
2022/11/17 23:49:54 packer.exe plugin: github.com/hashicorp/packer-plugin-proxmox/builder/proxmox/iso.(*Builder).Run(0xc00103ee00, {0x618e468, 0xc0012b8780}, {0x6193188, 0xc0012b14a0}, {0x6153040, 0xc000032fc0})
2022/11/17 23:49:54 packer.exe plugin: 	/home/runner/go/pkg/mod/github.com/hashicorp/packer-plugin-proxmox@v1.0.8/builder/proxmox/iso/builder.go:54 +0x3c5
2022/11/17 23:49:54 packer.exe plugin: github.com/hashicorp/packer-plugin-sdk/rpc.(*BuilderServer).Run(0xc00101c540, 0x3fa120?, 0xc0003fa0e0)
2022/11/17 23:49:54 packer.exe plugin: 	/home/runner/go/pkg/mod/github.com/hashicorp/packer-plugin-sdk@v0.3.2/rpc/builder.go:117 +0x1e3
2022/11/17 23:49:54 packer.exe plugin: reflect.Value.call({0xc000110c60?, 0xc0009600c0?, 0xe0a460?}, {0x59b0702, 0x4}, {0xc00124fef8, 0x3, 0xc000580000?})
2022/11/17 23:49:54 packer.exe plugin: 	/opt/hostedtoolcache/go/1.18.5/x64/src/reflect/value.go:556 +0x845
2022/11/17 23:49:54 packer.exe plugin: reflect.Value.Call({0xc000110c60?, 0xc0009600c0?, 0x3?}, {0xc00124fef8, 0x3, 0x3})
2022/11/17 23:49:54 packer.exe plugin: 	/opt/hostedtoolcache/go/1.18.5/x64/src/reflect/value.go:339 +0xbf
2022/11/17 23:49:54 packer.exe plugin: net/rpc.(*service).call(0xc00101c580, 0xc00095aff0?, 0x0?, 0xc0000707d0, 0xc0001eea00, 0x119fea5?, {0x4917840?, 0xc0003fa0dc?, 0x119fe26?}, {0x47ee500, ...}, ...)
2022/11/17 23:49:54 packer.exe plugin: 	/opt/hostedtoolcache/go/1.18.5/x64/src/net/rpc/server.go:381 +0x226
2022/11/17 23:49:54 packer.exe plugin: created by net/rpc.(*Server).ServeCodec
2022/11/17 23:49:54 packer.exe plugin: 	/opt/hostedtoolcache/go/1.18.5/x64/src/net/rpc/server.go:478 +0x3fe
2022/11/17 23:49:54 [INFO] (telemetry) ending proxmox.ubuntu-server
2022/11/17 23:49:54 ui error: Build 'ubuntu-server-build.proxmox.ubuntu-server' errored after 25 milliseconds 473 microseconds: unexpected EOF
2022/11/17 23:49:54 ui: 
==> Wait completed after 25 milliseconds 473 microseconds
2022/11/17 23:49:54 machine readable: error-count []string{"1"}
2022/11/17 23:49:54 ui error: 
==> Some builds didn't complete successfully and had errors:
2022/11/17 23:49:54 machine readable: ubuntu-server-build.proxmox.ubuntu-server,error []string{"unexpected EOF"}
2022/11/17 23:49:54 ui error: --> ubuntu-server-build.proxmox.ubuntu-server: unexpected EOF
2022/11/17 23:49:54 ui: 
==> Builds finished but no artifacts were created.
2022/11/17 23:49:54 [INFO] (telemetry) Finalizing.
2022/11/17 23:49:54 C:\users\michael\.bin\packer.exe: plugin process exited
2022/11/17 23:49:54 waiting for all plugin processes to complete...
2022/11/17 23:49:54 C:\users\michael\.bin\packer.exe: plugin process exited
